<?xml version="1.0" encoding="UTF-8"?>
<!-- Generated by org.testng.reporters.JUnitXMLReporter -->
<testsuite hostname="pc-PC" ignored="0" name="Command line test c1d35c97-4a06-4fc2-a5db-1a0493c33d83" tests="4" failures="1" timestamp="23 Jan 2021 07:56:08 GMT" time="229.573" errors="0">
  <testcase name="trending" time="41.224" classname="org.testing.Testscripts.TC1"/>
  <testcase name="Login" time="28.979" classname="org.testing.Testscripts.TC2"/>
  <testcase name="Login" time="35.238" classname="org.testing.Testscripts.TC5">
    <failure type="org.openqa.selenium.WebDriverException" message="element click intercepted: Element &amp;lt;img id=&amp;quot;img&amp;quot; class=&amp;quot;style-scope yt-img-shadow&amp;quot; alt=&amp;quot;Avatar image&amp;quot; height=&amp;quot;32&amp;quot; width=&amp;quot;32&amp;quot; src=&amp;quot;https://yt3.ggpht.com/yti/ANoDKi6HFo8RXaWl6p8yHxhzwOQoXQYmF8JL63qphw=s88-c-k-c0x00ffffff-no-rj-mo&amp;quot;&amp;gt; is not clickable at point (1303, 28). Other element would receive the click: &amp;lt;iron-overlay-backdrop opened=&amp;quot;&amp;quot; class=&amp;quot;opened&amp;quot; style=&amp;quot;z-index: 2201;&amp;quot;&amp;gt;...&amp;lt;/iron-overlay-backdrop&amp;gt;
  (Session info: chrome=87.0.4280.141)
  (Driver info: chromedriver=87.0.4280.88 (89e2380a3e36c3464b5dd1302349b1382549290d-refs/branch-heads/4280@{#1761}),platform=Windows NT 6.1.7600 x86) (WARNING: The server did not provide any stacktrace information)
Command duration or timeout: 1.08 seconds
Build info: version: &amp;apos;2.48.2&amp;apos;, revision: &amp;apos;41bccdd&amp;apos;, time: &amp;apos;2015-10-09 19:55:52&amp;apos;
System info: host: &amp;apos;pc-PC&amp;apos;, ip: &amp;apos;192.168.247.1&amp;apos;, os.name: &amp;apos;Windows 7&amp;apos;, os.arch: &amp;apos;x86&amp;apos;, os.version: &amp;apos;6.1&amp;apos;, java.version: &amp;apos;1.8.0_211&amp;apos;
Driver info: org.openqa.selenium.chrome.ChromeDriver
Capabilities [{mobileEmulationEnabled=false, timeouts={implicit=0, pageLoad=300000, script=30000}, hasTouchScreen=false, platform=XP, acceptSslCerts=false, goog:chromeOptions={debuggerAddress=localhost:60554}, acceptInsecureCerts=false, webStorageEnabled=true, browserName=chrome, takesScreenshot=true, javascriptEnabled=true, setWindowRect=true, unexpectedAlertBehaviour=ignore, applicationCacheEnabled=false, rotatable=false, networkConnectionEnabled=false, chrome={chromedriverVersion=87.0.4280.88 (89e2380a3e36c3464b5dd1302349b1382549290d-refs/branch-heads/4280@{#1761}), userDataDir=C:\Users\pc\AppData\Local\Temp\scoped_dir2868_1551852498}, takesHeapSnapshot=true, pageLoadStrategy=normal, strictFileInteractability=false, databaseEnabled=false, handlesAlerts=true, version=87.0.4280.141, browserConnectionEnabled=false, proxy={}, nativeEvents=true, locationContextEnabled=true, cssSelectorsEnabled=true, webauthn:virtualAuthenticators=true}]
Session ID: 9b7bea0a88ad0a4e61af0688b1f53f26">
      <![CDATA[org.openqa.selenium.WebDriverException: element click intercepted: Element <img id="img" class="style-scope yt-img-shadow" alt="Avatar image" height="32" width="32" src="https://yt3.ggpht.com/yti/ANoDKi6HFo8RXaWl6p8yHxhzwOQoXQYmF8JL63qphw=s88-c-k-c0x00ffffff-no-rj-mo"> is not clickable at point (1303, 28). Other element would receive the click: <iron-overlay-backdrop opened="" class="opened" style="z-index: 2201;">...</iron-overlay-backdrop>
  (Session info: chrome=87.0.4280.141)
  (Driver info: chromedriver=87.0.4280.88 (89e2380a3e36c3464b5dd1302349b1382549290d-refs/branch-heads/4280@{#1761}),platform=Windows NT 6.1.7600 x86) (WARNING: The server did not provide any stacktrace information)
Command duration or timeout: 1.08 seconds
Build info: version: '2.48.2', revision: '41bccdd', time: '2015-10-09 19:55:52'
System info: host: 'pc-PC', ip: '192.168.247.1', os.name: 'Windows 7', os.arch: 'x86', os.version: '6.1', java.version: '1.8.0_211'
Driver info: org.openqa.selenium.chrome.ChromeDriver
Capabilities [{mobileEmulationEnabled=false, timeouts={implicit=0, pageLoad=300000, script=30000}, hasTouchScreen=false, platform=XP, acceptSslCerts=false, goog:chromeOptions={debuggerAddress=localhost:60554}, acceptInsecureCerts=false, webStorageEnabled=true, browserName=chrome, takesScreenshot=true, javascriptEnabled=true, setWindowRect=true, unexpectedAlertBehaviour=ignore, applicationCacheEnabled=false, rotatable=false, networkConnectionEnabled=false, chrome={chromedriverVersion=87.0.4280.88 (89e2380a3e36c3464b5dd1302349b1382549290d-refs/branch-heads/4280@{#1761}), userDataDir=C:\Users\pc\AppData\Local\Temp\scoped_dir2868_1551852498}, takesHeapSnapshot=true, pageLoadStrategy=normal, strictFileInteractability=false, databaseEnabled=false, handlesAlerts=true, version=87.0.4280.141, browserConnectionEnabled=false, proxy={}, nativeEvents=true, locationContextEnabled=true, cssSelectorsEnabled=true, webauthn:virtualAuthenticators=true}]
Session ID: 9b7bea0a88ad0a4e61af0688b1f53f26
at org.openqa.selenium.remote.ErrorHandler.createThrowable(ErrorHandler.java:206)
at org.openqa.selenium.remote.ErrorHandler.throwIfResponseFailed(ErrorHandler.java:158)
at org.openqa.selenium.remote.RemoteWebDriver.execute(RemoteWebDriver.java:647)
at org.openqa.selenium.remote.RemoteWebElement.execute(RemoteWebElement.java:326)
at org.openqa.selenium.remote.RemoteWebElement.click(RemoteWebElement.java:84)
at org.testing.Testscripts.TC5.Login(TC5.java:35)
at org.testing.runner.trigger.main(trigger.java:71)
... Removed 26 stack frames]]>
    </failure>
  </testcase> <!-- Login -->
  <testcase name="Login" time="51.276" classname="org.testing.Testscripts.TC6"/>
</testsuite> <!-- Command line test c1d35c97-4a06-4fc2-a5db-1a0493c33d83 -->
